<testsuite failures="0"
           name="src/test/resources/features/CaseStudy.feature"
           skipped="0"
           tests="1"
           time="7.327006">
   <testcase classname="src.test.resources.features.CaseStudy"
             name="Case Study (update one of card's name than remove cards and boards)"
             time="7.327006">
      <system-out>* call read('faker-helpers.js') ........................................... passed
* url baseUrl ............................................................. passed
* call read('Card.feature') ............................................... passed
* def endpoint = PutUpdateCard ............................................ passed
* def endpoint = endpoint.replace('${id}', cardID1) ....................... passed
* path endpoint ........................................................... passed
* param token = accessToken ............................................... passed
* param key = apiKey ...................................................... passed
* request '' .............................................................. passed
* method get .............................................................. passed
* status 200 .............................................................. passed
* def cardNameBefore = $.name ............................................. passed
* url baseUrl ............................................................. passed
* path endpoint ........................................................... passed
* param token = accessToken ............................................... passed
* param key = apiKey ...................................................... passed
* param name = getCardName() .............................................. passed
* request '' .............................................................. passed
* method put .............................................................. passed
* match response.name != cardNameBefore ................................... passed
* def endpoint2 = DeleteOrganization ...................................... passed
* def endpoint2 = endpoint2.replace('${id}', organizationID) .............. passed
* path endpoint2 .......................................................... passed
* param token = accessToken ............................................... passed
* param key = apiKey ...................................................... passed
* request '' .............................................................. passed
* method delete ........................................................... passed
* status 200 .............................................................. passed
* def endpoint3 = DeleteBoard ............................................. passed
* def endpoint3 = endpoint3.replace('${id}', boardID) ..................... passed
* path endpoint3 .......................................................... passed
* param token = accessToken ............................................... passed
* param key = apiKey ...................................................... passed
* request '' .............................................................. passed
* method delete ........................................................... passed
* status 200 .............................................................. passed
* path endpoint ........................................................... passed
* param token = accessToken ............................................... passed
* param key = apiKey ...................................................... passed
* request '' .............................................................. passed
* method get .............................................................. passed
* status 404 .............................................................. passed</system-out>
   </testcase>
</testsuite>
